\BOOKMARK [0][-]{chapter*.2}{Preface}{}% 1
\BOOKMARK [1][-]{section*.3}{Author}{chapter*.2}% 2
\BOOKMARK [0][-]{chapter.1}{Introduction}{}% 3
\BOOKMARK [0][-]{chapter.2}{Life's\040secrets\040for\040storing\040energy}{}% 4
\BOOKMARK [1][-]{section.2.1}{The\040five\040fundamental\040requirements\040of\040life}{chapter.2}% 5
\BOOKMARK [1][-]{section.2.2}{Electron\040allocation\040onto\040CHONSP}{chapter.2}% 6
\BOOKMARK [1][-]{section.2.3}{Electronegativity\040as\040a\040powerful\040tool\040to\040allocate\040electrons}{chapter.2}% 7
\BOOKMARK [1][-]{section.2.4}{Dioxygen:\040the\040electron\040kleptomaniac\040molecule}{chapter.2}% 8
\BOOKMARK [1][-]{section.2.5}{Fully\040Oxidized\040forms\040of\040CNSP}{chapter.2}% 9
\BOOKMARK [1][-]{section.2.6}{Oxidation\040versus\040Reduction}{chapter.2}% 10
\BOOKMARK [1][-]{section.2.7}{A\040gradient\040of\040oxidation\040and\040reduction\040states\040on\040inorganic\040and\040organic\040molecules}{chapter.2}% 11
\BOOKMARK [1][-]{section.2.8}{Examples\040of\040electrons\040stored\040on\040organic\040molecules}{chapter.2}% 12
\BOOKMARK [1][-]{section.2.9}{Summary\040on\040electron\040allocations}{chapter.2}% 13
\BOOKMARK [0][-]{chapter.3}{Life's\040secrets\040to\040make\040complex\040organic\040molecules}{}% 14
\BOOKMARK [1][-]{section.3.1}{Polymers\040of\040simple\040monomers}{chapter.3}% 15
\BOOKMARK [1][-]{section.3.2}{Carbohydrates}{chapter.3}% 16
\BOOKMARK [0][-]{chapter.4}{Aerobic\040and\040anaerobic\040respiration}{}% 17
\BOOKMARK [1][-]{section.4.1}{Generating\040energy:\040transfer\040of\040electrons}{chapter.4}% 18
\BOOKMARK [1][-]{section.4.2}{Generating\040energy\040without\040combustion}{chapter.4}% 19
\BOOKMARK [1][-]{section.4.3}{ATP\040or\040the\040energy\040currency\040of\040the\040cell}{chapter.4}% 20
\BOOKMARK [1][-]{section.4.4}{The\040ATP\040manufacture}{chapter.4}% 21
\BOOKMARK [1][-]{section.4.5}{Creating\040a\040proton\040gradient\040as\040a\040source\040of\040proton\040flow}{chapter.4}% 22
\BOOKMARK [1][-]{section.4.6}{Transfer\040of\040electrons\040from\040the\040Organic\040Carbon\040to\040an\040electron\040acceptor}{chapter.4}% 23
\BOOKMARK [1][-]{section.4.7}{Summary\040of\040respiration}{chapter.4}% 24
\BOOKMARK [1][-]{section.4.8}{Respiration\040electron\040flow\040schemes}{chapter.4}% 25
\BOOKMARK [0][-]{chapter.5}{The\040classic\040redox\040sequence\040of\040wetland\040soils}{}% 26
\BOOKMARK [1][-]{section.5.1}{The\040theoretical\040vertical\040sequence\040of\040respiratory\040processes\040in\040wetland\040soils}{chapter.5}% 27
\BOOKMARK [1][-]{section.5.2}{An\040aerobic\040layer\040near\040the\040soil-water\040interface}{chapter.5}% 28
\BOOKMARK [1][-]{section.5.3}{Respiration\040in\040the\040anaerobic\040zone\040of\040the\040soil}{chapter.5}% 29
\BOOKMARK [1][-]{section.5.4}{A\040denitrification\040layer\040below\040the\040aerobic\040layer}{chapter.5}% 30
\BOOKMARK [1][-]{section.5.5}{Manganese\040and\040Iron\040oxides\040reductions}{chapter.5}% 31
\BOOKMARK [1][-]{section.5.6}{Sulfate\040reduction}{chapter.5}% 32
\BOOKMARK [1][-]{section.5.7}{The\040methanogenesis\040oddity}{chapter.5}% 33
\BOOKMARK [1][-]{section.5.8}{First\040summary\040on\040the\040electron\040acceptor\040chain\040in\040wetland\040soils}{chapter.5}% 34
\BOOKMARK [1][-]{section.5.9}{Supply\040and\040demand\040of\040electron\040acceptors\040and\040of\040the\040byproducts\040of\040Organic\040Matter\040oxidation}{chapter.5}% 35
\BOOKMARK [0][-]{chapter.6}{Glossary}{}% 36
\BOOKMARK [1][-]{section.6.1}{A}{chapter.6}% 37
\BOOKMARK [1][-]{section.6.2}{C}{chapter.6}% 38
\BOOKMARK [1][-]{section.6.3}{D}{chapter.6}% 39
\BOOKMARK [1][-]{section.6.4}{E}{chapter.6}% 40
\BOOKMARK [1][-]{section.6.5}{F}{chapter.6}% 41
\BOOKMARK [1][-]{section.6.6}{G}{chapter.6}% 42
\BOOKMARK [1][-]{section.6.7}{H}{chapter.6}% 43
\BOOKMARK [1][-]{section.6.8}{L}{chapter.6}% 44
\BOOKMARK [1][-]{section.6.9}{M}{chapter.6}% 45
\BOOKMARK [1][-]{section.6.10}{N}{chapter.6}% 46
\BOOKMARK [1][-]{section.6.11}{O}{chapter.6}% 47
\BOOKMARK [1][-]{section.6.12}{P}{chapter.6}% 48
\BOOKMARK [1][-]{section.6.13}{R}{chapter.6}% 49
\BOOKMARK [1][-]{section.6.14}{S}{chapter.6}% 50
\BOOKMARK [1][-]{section.6.15}{T}{chapter.6}% 51
